{"C:\\Users\\LAURAPOP KONWEA\\To-Do-List-App\\src\\modules\\clearAll.js": {"path":"C:\\Users\\LAURAPOP KONWEA\\To-Do-List-App\\src\\modules\\clearAll.js","statementMap":{"0":{"start":{"line":3,"column":23},"end":{"line":18,"column":1}},"1":{"start":{"line":4,"column":20},"end":{"line":9,"column":4}},"2":{"start":{"line":5,"column":4},"end":{"line":7,"column":5}},"3":{"start":{"line":6,"column":6},"end":{"line":6,"column":18}},"4":{"start":{"line":8,"column":4},"end":{"line":8,"column":16}},"5":{"start":{"line":11,"column":2},"end":{"line":14,"column":5}},"6":{"start":{"line":12,"column":4},"end":{"line":12,"column":24}},"7":{"start":{"line":13,"column":4},"end":{"line":13,"column":16}},"8":{"start":{"line":16,"column":2},"end":{"line":16,"column":67}},"9":{"start":{"line":17,"column":2},"end":{"line":17,"column":27}}},"fnMap":{"0":{"name":"(anonymous_0)","decl":{"start":{"line":3,"column":23},"end":{"line":3,"column":24}},"loc":{"start":{"line":3,"column":29},"end":{"line":18,"column":1}},"line":3},"1":{"name":"(anonymous_1)","decl":{"start":{"line":4,"column":38},"end":{"line":4,"column":39}},"loc":{"start":{"line":4,"column":48},"end":{"line":9,"column":3}},"line":4},"2":{"name":"(anonymous_2)","decl":{"start":{"line":11,"column":32},"end":{"line":11,"column":33}},"loc":{"start":{"line":11,"column":46},"end":{"line":14,"column":3}},"line":11}},"branchMap":{"0":{"loc":{"start":{"line":5,"column":4},"end":{"line":7,"column":5}},"type":"if","locations":[{"start":{"line":5,"column":4},"end":{"line":7,"column":5}},{"start":{},"end":{}}],"line":5}},"s":{"0":1,"1":1,"2":2,"3":1,"4":1,"5":1,"6":1,"7":1,"8":1,"9":1},"f":{"0":1,"1":2,"2":1},"b":{"0":[1,1]},"_coverageSchema":"1a1c01bbd47fc00a2c39e90264f33305004495a9","hash":"7e66166fae47d1aa160067dac27a62580b6b5d4e"}
,"C:\\Users\\LAURAPOP KONWEA\\To-Do-List-App\\src\\modules\\localStorage.js": {"path":"C:\\Users\\LAURAPOP KONWEA\\To-Do-List-App\\src\\modules\\localStorage.js","statementMap":{"0":{"start":{"line":1,"column":17},"end":{"line":4,"column":1}},"1":{"start":{"line":2,"column":18},"end":{"line":2,"column":71}},"2":{"start":{"line":3,"column":2},"end":{"line":3,"column":17}}},"fnMap":{"0":{"name":"(anonymous_0)","decl":{"start":{"line":1,"column":17},"end":{"line":1,"column":18}},"loc":{"start":{"line":1,"column":23},"end":{"line":4,"column":1}},"line":1}},"branchMap":{"0":{"loc":{"start":{"line":2,"column":18},"end":{"line":2,"column":71}},"type":"binary-expr","locations":[{"start":{"line":2,"column":18},"end":{"line":2,"column":65}},{"start":{"line":2,"column":69},"end":{"line":2,"column":71}}],"line":2}},"s":{"0":1,"1":11,"2":11},"f":{"0":11},"b":{"0":[11,1]},"_coverageSchema":"1a1c01bbd47fc00a2c39e90264f33305004495a9","hash":"2b222d8d87e58e92963b35b970c0b46159bc7576"}
,"C:\\Users\\LAURAPOP KONWEA\\To-Do-List-App\\src\\modules\\template.js": {"path":"C:\\Users\\LAURAPOP KONWEA\\To-Do-List-App\\src\\modules\\template.js","statementMap":{"0":{"start":{"line":3,"column":4},"end":{"line":3,"column":35}},"1":{"start":{"line":4,"column":4},"end":{"line":4,"column":31}},"2":{"start":{"line":5,"column":4},"end":{"line":5,"column":23}}},"fnMap":{"0":{"name":"(anonymous_0)","decl":{"start":{"line":2,"column":2},"end":{"line":2,"column":3}},"loc":{"start":{"line":2,"column":45},"end":{"line":6,"column":3}},"line":2}},"branchMap":{},"s":{"0":3,"1":3,"2":3},"f":{"0":3},"b":{},"_coverageSchema":"1a1c01bbd47fc00a2c39e90264f33305004495a9","hash":"d3c60cd700c207af582799dc838aa52a0e2b213d"}
,"C:\\Users\\LAURAPOP KONWEA\\To-Do-List-App\\src\\modules\\user.js": {"path":"C:\\Users\\LAURAPOP KONWEA\\To-Do-List-App\\src\\modules\\user.js","statementMap":{"0":{"start":{"line":5,"column":20},"end":{"line":24,"column":1}},"1":{"start":{"line":6,"column":22},"end":{"line":6,"column":57}},"2":{"start":{"line":8,"column":2},"end":{"line":8,"column":32}},"3":{"start":{"line":9,"column":2},"end":{"line":23,"column":5}},"4":{"start":{"line":11,"column":4},"end":{"line":15,"column":5}},"5":{"start":{"line":12,"column":6},"end":{"line":12,"column":30}},"6":{"start":{"line":14,"column":6},"end":{"line":14,"column":23}},"7":{"start":{"line":16,"column":4},"end":{"line":22,"column":10}},"8":{"start":{"line":26,"column":16},"end":{"line":36,"column":1}},"9":{"start":{"line":27,"column":19},"end":{"line":27,"column":51}},"10":{"start":{"line":29,"column":20},"end":{"line":29,"column":67}},"11":{"start":{"line":30,"column":12},"end":{"line":30,"column":22}},"12":{"start":{"line":31,"column":2},"end":{"line":31,"column":20}},"13":{"start":{"line":32,"column":2},"end":{"line":32,"column":57}},"14":{"start":{"line":33,"column":2},"end":{"line":33,"column":22}},"15":{"start":{"line":35,"column":2},"end":{"line":35,"column":16}},"16":{"start":{"line":38,"column":22},"end":{"line":42,"column":1}},"17":{"start":{"line":39,"column":2},"end":{"line":41,"column":5}},"18":{"start":{"line":40,"column":4},"end":{"line":40,"column":23}},"19":{"start":{"line":44,"column":19},"end":{"line":55,"column":1}},"20":{"start":{"line":45,"column":24},"end":{"line":50,"column":4}},"21":{"start":{"line":46,"column":4},"end":{"line":48,"column":5}},"22":{"start":{"line":47,"column":6},"end":{"line":47,"column":18}},"23":{"start":{"line":49,"column":4},"end":{"line":49,"column":14}},"24":{"start":{"line":51,"column":2},"end":{"line":51,"column":31}},"25":{"start":{"line":52,"column":2},"end":{"line":52,"column":69}},"26":{"start":{"line":54,"column":2},"end":{"line":54,"column":16}},"27":{"start":{"line":57,"column":22},"end":{"line":66,"column":1}},"28":{"start":{"line":58,"column":22},"end":{"line":58,"column":66}},"29":{"start":{"line":59,"column":22},"end":{"line":64,"column":4}},"30":{"start":{"line":60,"column":4},"end":{"line":62,"column":5}},"31":{"start":{"line":61,"column":6},"end":{"line":61,"column":35}},"32":{"start":{"line":63,"column":4},"end":{"line":63,"column":16}},"33":{"start":{"line":65,"column":2},"end":{"line":65,"column":67}},"34":{"start":{"line":68,"column":19},"end":{"line":85,"column":1}},"35":{"start":{"line":69,"column":22},"end":{"line":69,"column":66}},"36":{"start":{"line":70,"column":22},"end":{"line":82,"column":4}},"37":{"start":{"line":71,"column":4},"end":{"line":79,"column":5}},"38":{"start":{"line":72,"column":6},"end":{"line":72,"column":37}},"39":{"start":{"line":74,"column":6},"end":{"line":78,"column":7}},"40":{"start":{"line":75,"column":8},"end":{"line":75,"column":31}},"41":{"start":{"line":77,"column":8},"end":{"line":77,"column":30}},"42":{"start":{"line":81,"column":4},"end":{"line":81,"column":16}},"43":{"start":{"line":84,"column":2},"end":{"line":84,"column":67}}},"fnMap":{"0":{"name":"(anonymous_0)","decl":{"start":{"line":5,"column":20},"end":{"line":5,"column":21}},"loc":{"start":{"line":5,"column":26},"end":{"line":24,"column":1}},"line":5},"1":{"name":"(anonymous_1)","decl":{"start":{"line":9,"column":21},"end":{"line":9,"column":22}},"loc":{"start":{"line":9,"column":35},"end":{"line":23,"column":3}},"line":9},"2":{"name":"(anonymous_2)","decl":{"start":{"line":26,"column":16},"end":{"line":26,"column":17}},"loc":{"start":{"line":26,"column":51},"end":{"line":36,"column":1}},"line":26},"3":{"name":"(anonymous_3)","decl":{"start":{"line":38,"column":22},"end":{"line":38,"column":23}},"loc":{"start":{"line":38,"column":41},"end":{"line":42,"column":1}},"line":38},"4":{"name":"(anonymous_4)","decl":{"start":{"line":39,"column":24},"end":{"line":39,"column":25}},"loc":{"start":{"line":39,"column":37},"end":{"line":41,"column":3}},"line":39},"5":{"name":"(anonymous_5)","decl":{"start":{"line":44,"column":19},"end":{"line":44,"column":20}},"loc":{"start":{"line":44,"column":27},"end":{"line":55,"column":1}},"line":44},"6":{"name":"(anonymous_6)","decl":{"start":{"line":45,"column":42},"end":{"line":45,"column":43}},"loc":{"start":{"line":45,"column":52},"end":{"line":50,"column":3}},"line":45},"7":{"name":"(anonymous_7)","decl":{"start":{"line":57,"column":22},"end":{"line":57,"column":23}},"loc":{"start":{"line":57,"column":30},"end":{"line":66,"column":1}},"line":57},"8":{"name":"(anonymous_8)","decl":{"start":{"line":59,"column":37},"end":{"line":59,"column":38}},"loc":{"start":{"line":59,"column":47},"end":{"line":64,"column":3}},"line":59},"9":{"name":"(anonymous_9)","decl":{"start":{"line":68,"column":19},"end":{"line":68,"column":20}},"loc":{"start":{"line":68,"column":27},"end":{"line":85,"column":1}},"line":68},"10":{"name":"(anonymous_10)","decl":{"start":{"line":70,"column":37},"end":{"line":70,"column":38}},"loc":{"start":{"line":70,"column":47},"end":{"line":82,"column":3}},"line":70}},"branchMap":{"0":{"loc":{"start":{"line":11,"column":4},"end":{"line":15,"column":5}},"type":"if","locations":[{"start":{"line":11,"column":4},"end":{"line":15,"column":5}},{"start":{"line":13,"column":11},"end":{"line":15,"column":5}}],"line":11},"1":{"loc":{"start":{"line":18,"column":78},"end":{"line":18,"column":109}},"type":"cond-expr","locations":[{"start":{"line":18,"column":93},"end":{"line":18,"column":99}},{"start":{"line":18,"column":102},"end":{"line":18,"column":109}}],"line":18},"2":{"loc":{"start":{"line":46,"column":4},"end":{"line":48,"column":5}},"type":"if","locations":[{"start":{"line":46,"column":4},"end":{"line":48,"column":5}},{"start":{},"end":{}}],"line":46},"3":{"loc":{"start":{"line":60,"column":4},"end":{"line":62,"column":5}},"type":"if","locations":[{"start":{"line":60,"column":4},"end":{"line":62,"column":5}},{"start":{},"end":{}}],"line":60},"4":{"loc":{"start":{"line":71,"column":4},"end":{"line":79,"column":5}},"type":"if","locations":[{"start":{"line":71,"column":4},"end":{"line":79,"column":5}},{"start":{},"end":{}}],"line":71},"5":{"loc":{"start":{"line":74,"column":6},"end":{"line":78,"column":7}},"type":"if","locations":[{"start":{"line":74,"column":6},"end":{"line":78,"column":7}},{"start":{"line":76,"column":13},"end":{"line":78,"column":7}}],"line":74}},"s":{"0":1,"1":4,"2":4,"3":4,"4":8,"5":3,"6":5,"7":8,"8":1,"9":3,"10":3,"11":3,"12":3,"13":3,"14":3,"15":3,"16":1,"17":1,"18":2,"19":1,"20":1,"21":3,"22":2,"23":1,"24":1,"25":1,"26":1,"27":1,"28":1,"29":1,"30":2,"31":1,"32":2,"33":1,"34":1,"35":1,"36":1,"37":2,"38":1,"39":1,"40":1,"41":0,"42":2,"43":1},"f":{"0":4,"1":8,"2":3,"3":1,"4":2,"5":1,"6":3,"7":1,"8":2,"9":1,"10":2},"b":{"0":[3,5],"1":[0,8],"2":[2,1],"3":[1,1],"4":[1,1],"5":[1,0]},"_coverageSchema":"1a1c01bbd47fc00a2c39e90264f33305004495a9","hash":"685f3bd25ba181d98a141c0a064a56cadde65918"}
}
