TN:
SF:src\modules\clearAll.js
FN:3,(anonymous_0)
FN:4,(anonymous_1)
FN:11,(anonymous_2)
FNF:3
FNH:3
FNDA:1,(anonymous_0)
FNDA:2,(anonymous_1)
FNDA:1,(anonymous_2)
DA:3,1
DA:4,1
DA:5,2
DA:6,1
DA:8,1
DA:11,1
DA:12,1
DA:13,1
DA:16,1
DA:17,1
LF:10
LH:10
BRDA:5,0,0,1
BRDA:5,0,1,1
BRF:2
BRH:2
end_of_record
TN:
SF:src\modules\localStorage.js
FN:1,(anonymous_0)
FNF:1
FNH:1
FNDA:11,(anonymous_0)
DA:1,1
DA:2,11
DA:3,11
LF:3
LH:3
BRDA:2,0,0,11
BRDA:2,0,1,1
BRF:2
BRH:2
end_of_record
TN:
SF:src\modules\template.js
FN:2,(anonymous_0)
FNF:1
FNH:1
FNDA:3,(anonymous_0)
DA:3,3
DA:4,3
DA:5,3
LF:3
LH:3
BRF:0
BRH:0
end_of_record
TN:
SF:src\modules\user.js
FN:5,(anonymous_0)
FN:9,(anonymous_1)
FN:26,(anonymous_2)
FN:38,(anonymous_3)
FN:39,(anonymous_4)
FN:44,(anonymous_5)
FN:45,(anonymous_6)
FN:57,(anonymous_7)
FN:59,(anonymous_8)
FN:68,(anonymous_9)
FN:70,(anonymous_10)
FNF:11
FNH:11
FNDA:4,(anonymous_0)
FNDA:8,(anonymous_1)
FNDA:3,(anonymous_2)
FNDA:1,(anonymous_3)
FNDA:2,(anonymous_4)
FNDA:1,(anonymous_5)
FNDA:3,(anonymous_6)
FNDA:1,(anonymous_7)
FNDA:2,(anonymous_8)
FNDA:1,(anonymous_9)
FNDA:2,(anonymous_10)
DA:5,1
DA:6,4
DA:8,4
DA:9,4
DA:11,8
DA:12,3
DA:14,5
DA:16,8
DA:26,1
DA:27,3
DA:29,3
DA:30,3
DA:31,3
DA:32,3
DA:33,3
DA:35,3
DA:38,1
DA:39,1
DA:40,2
DA:44,1
DA:45,1
DA:46,3
DA:47,2
DA:49,1
DA:51,1
DA:52,1
DA:54,1
DA:57,1
DA:58,1
DA:59,1
DA:60,2
DA:61,1
DA:63,2
DA:65,1
DA:68,1
DA:69,1
DA:70,1
DA:71,2
DA:72,1
DA:74,1
DA:75,1
DA:77,0
DA:81,2
DA:84,1
LF:44
LH:43
BRDA:11,0,0,3
BRDA:11,0,1,5
BRDA:18,1,0,0
BRDA:18,1,1,8
BRDA:46,2,0,2
BRDA:46,2,1,1
BRDA:60,3,0,1
BRDA:60,3,1,1
BRDA:71,4,0,1
BRDA:71,4,1,1
BRDA:74,5,0,1
BRDA:74,5,1,0
BRF:12
BRH:10
end_of_record
